[debug] [2026-06-30T22:25:17.393Z] ----------------------------------------------------------------------
[debug] [2026-06-30T22:25:17.403Z] Command:       /home/tilstack/.nvm/versions/node/v20.20.2/bin/node /home/tilstack/.nvm/versions/node/v20.20.2/bin/firebase deploy --only hosting
[debug] [2026-06-30T22:25:17.405Z] CLI Version:   15.20.0
[debug] [2026-06-30T22:25:17.405Z] Platform:      linux
[debug] [2026-06-30T22:25:17.406Z] Node Version:  v20.20.2
[debug] [2026-06-30T22:25:17.406Z] Time:          Tue Jun 30 2026 23:25:17 GMT+0100 (heure d’Afrique de l’Ouest)
[debug] [2026-06-30T22:25:17.408Z] ----------------------------------------------------------------------
[debug] 
[debug] [2026-06-30T22:25:17.416Z] >>> [apiv2][query] GET https://firebase-public.firebaseio.com/cli.json [none]
[debug] [2026-06-30T22:25:18.890Z] > command requires scopes: ["email","openid","https://www.googleapis.com/auth/cloudplatformprojects.readonly","https://www.googleapis.com/auth/firebase","https://www.googleapis.com/auth/cloud-platform"]
[debug] [2026-06-30T22:25:18.890Z] > authorizing via signed-in user (israel01tientcheu@gmail.com)
[debug] [2026-06-30T22:25:18.891Z] [iam] checking project tilportofoliov2 for permissions ["firebase.projects.get","firebasehosting.sites.update"]
[debug] [2026-06-30T22:25:18.891Z] Checked if tokens are valid: false, expires at: 1782779066689
[debug] [2026-06-30T22:25:18.891Z] Checked if tokens are valid: false, expires at: 1782779066689
[debug] [2026-06-30T22:25:18.892Z] > refreshing access token with scopes: []
[debug] [2026-06-30T22:25:18.893Z] >>> [apiv2][query] POST https://www.googleapis.com/oauth2/v3/token [none]
[debug] [2026-06-30T22:25:18.893Z] >>> [apiv2][body] POST https://www.googleapis.com/oauth2/v3/token [omitted]
[debug] [2026-06-30T22:25:21.440Z] <<< [apiv2][status] GET https://firebase-public.firebaseio.com/cli.json 200
[debug] [2026-06-30T22:25:21.441Z] <<< [apiv2][body] GET https://firebase-public.firebaseio.com/cli.json {"cloudBuildErrorAfter":1594252800000,"cloudBuildWarnAfter":1590019200000,"defaultNode10After":1594252800000,"minVersion":"3.0.5","node8DeploysDisabledAfter":1613390400000,"node8RuntimeDisabledAfter":1615809600000,"node8WarnAfter":1600128000000}
[debug] [2026-06-30T22:25:35.072Z] <<< [apiv2][status] POST https://www.googleapis.com/oauth2/v3/token 200
[debug] [2026-06-30T22:25:35.072Z] <<< [apiv2][body] POST https://www.googleapis.com/oauth2/v3/token [omitted]
[debug] [2026-06-30T22:25:35.172Z] >>> [apiv2][query] POST https://cloudresourcemanager.googleapis.com/v1/projects/tilportofoliov2:testIamPermissions [none]
[debug] [2026-06-30T22:25:35.172Z] >>> [apiv2][(partial)header] POST https://cloudresourcemanager.googleapis.com/v1/projects/tilportofoliov2:testIamPermissions  x-goog-user-project=tilportofoliov2
[debug] [2026-06-30T22:25:35.173Z] >>> [apiv2][body] POST https://cloudresourcemanager.googleapis.com/v1/projects/tilportofoliov2:testIamPermissions {"permissions":["firebase.projects.get","firebasehosting.sites.update"]}
[debug] [2026-06-30T22:26:00.196Z] *** [apiv2] error from fetch(https://cloudresourcemanager.googleapis.com/v1/projects/tilportofoliov2:testIamPermissions, {"headers":{},"method":"POST","body":"{\"permissions\":[\"firebase.projects.get\",\"firebasehosting.sites.update\"]}"}): FetchError: request to https://cloudresourcemanager.googleapis.com/v1/projects/tilportofoliov2:testIamPermissions failed, reason: getaddrinfo EAI_AGAIN cloudresourcemanager.googleapis.com
[debug] [2026-06-30T22:26:00.197Z] [iam] error while checking permissions, command may fail: Failed to make request to https://cloudresourcemanager.googleapis.com/v1/projects/tilportofoliov2:testIamPermissions
[debug] [2026-06-30T22:26:00.199Z] Checked if tokens are valid: true, expires at: 1782861934072
[debug] [2026-06-30T22:26:00.199Z] Checked if tokens are valid: true, expires at: 1782861934072
[debug] [2026-06-30T22:26:00.200Z] >>> [apiv2][query] GET https://firebase.googleapis.com/v1beta1/projects/tilportofoliov2 [none]
[debug] [2026-06-30T22:26:03.677Z] *** [apiv2] error from fetch(https://firebase.googleapis.com/v1beta1/projects/tilportofoliov2, {"headers":{},"method":"GET","signal":{"reason":""}}): FetchError: request to https://firebase.googleapis.com/v1beta1/projects/tilportofoliov2 failed, reason: getaddrinfo EAI_AGAIN firebase.googleapis.com
[debug] [2026-06-30T22:26:03.678Z] Failed to make request to https://firebase.googleapis.com/v1beta1/projects/tilportofoliov2 (original: request to https://firebase.googleapis.com/v1beta1/projects/tilportofoliov2 failed, reason: getaddrinfo EAI_AGAIN firebase.googleapis.com)
[error] 
[error] Error: Assertion failed: resolving hosting target of a site with no site name or target name. This should have caused an error earlier
